<?xml version="1.0" encoding="UTF-8"?>
<!-- Generated by org.testng.reporters.JUnitReportReporter -->
<testsuite skipped="0" hostname="BDC6-DX-3NJ2N62" name="com.tests.keyBoardAction" tests="1" failures="0" timestamp="19 Apr 2019 08:07:23 GMT" time="11.374" errors="0">
  <testcase name="keyBoardAction" time="11.374" classname="com.tests.keyBoardAction"/>
</testsuite> <!-- com.tests.keyBoardAction -->
