<?xml version="1.0" encoding="UTF-8"?>
<!-- Generated by org.testng.reporters.JUnitReportReporter -->
<testsuite skipped="0" hostname="BDC6-DX-3NJ2N62" name="com.tests.TestMeAppRegister" tests="1" failures="0" timestamp="23 Apr 2019 04:40:22 GMT" time="15.945" errors="0">
  <testcase name="Register" time="15.945" classname="com.tests.TestMeAppRegister"/>
</testsuite> <!-- com.tests.TestMeAppRegister -->
