<?xml version="1.0" encoding="UTF-8"?>
<!-- Generated by org.testng.reporters.JUnitReportReporter -->
<testsuite skipped="0" hostname="BDC6-DX-3NJ2N62" name="com.tests.TestMeAppLogin" tests="2" failures="0" timestamp="22 Apr 2019 07:12:59 GMT" time="14.251" errors="0">
  <testcase name="testLogin" time="5.672" classname="com.tests.TestMeAppLogin"/>
  <testcase name="testLogin" time="8.579" classname="com.tests.TestMeAppLogin"/>
</testsuite> <!-- com.tests.TestMeAppLogin -->
