<?xml version="1.0" encoding="UTF-8"?>
<!-- Generated by org.testng.reporters.JUnitReportReporter -->
<testsuite skipped="0" hostname="BDC6-DX-3NJ2N62" name="com.tests.testDragAndDrop" tests="1" failures="0" timestamp="19 Apr 2019 06:51:01 GMT" time="23.103" errors="0">
  <testcase name="testDragAndDrop" time="23.103" classname="com.tests.testDragAndDrop"/>
</testsuite> <!-- com.tests.testDragAndDrop -->
