<?xml version="1.0" encoding="UTF-8"?>
<!-- Generated by org.testng.reporters.JUnitReportReporter -->
<testsuite skipped="0" hostname="BDC6-DX-3NJ2N62" name="com.tests.testReadExcel1" tests="1" failures="0" timestamp="22 Apr 2019 06:56:41 GMT" time="0.820" errors="0">
  <testcase name="testReadExcel1" time="0.820" classname="com.tests.testReadExcel1"/>
</testsuite> <!-- com.tests.testReadExcel1 -->
