<?xml version="1.0" encoding="UTF-8"?>
<!-- Generated by org.testng.reporters.JUnitReportReporter -->
<testsuite skipped="0" hostname="BDC6-DX-3NJ2N62" name="com.tests.GoogleHomePageTest" tests="2" failures="0" timestamp="19 Apr 2019 10:47:59 GMT" time="11.524" errors="0">
  <testcase name="testDemoWebShop" time="6.776" classname="com.tests.GoogleHomePageTest"/>
  <testcase name="testGoogleHomePageTest" time="4.748" classname="com.tests.GoogleHomePageTest"/>
</testsuite> <!-- com.tests.GoogleHomePageTest -->
