<?xml version="1.0" encoding="UTF-8"?>
<!-- Generated by org.testng.reporters.JUnitReportReporter -->
<testsuite skipped="0" hostname="BDC6-DX-3NJ2N62" name="com.test2.OnlineShoppingTest" tests="4" failures="0" timestamp="23 Apr 2019 09:28:26 GMT" time="24.868" errors="0">
  <testcase name="testRegistration" time="8.195" classname="com.test2.OnlineShoppingTest"/>
  <testcase name="testLogin" time="0.279" classname="com.test2.OnlineShoppingTest"/>
  <testcase name="testCart" time="14.938" classname="com.test2.OnlineShoppingTest"/>
  <testcase name="testPayment" time="1.456" classname="com.test2.OnlineShoppingTest"/>
</testsuite> <!-- com.test2.OnlineShoppingTest -->
