<?xml version="1.0" encoding="UTF-8"?>
<!-- Generated by org.testng.reporters.JUnitReportReporter -->
<testsuite skipped="0" hostname="BDC6-DX-3NJ2N62" name="com.tests.testReadExcel" tests="1" failures="0" timestamp="22 Apr 2019 04:38:26 GMT" time="0.011" errors="0">
  <testcase name="testReadExcel" time="0.011" classname="com.tests.testReadExcel"/>
</testsuite> <!-- com.tests.testReadExcel -->
